\BOOKMARK [0][-]{chapter.1}{\376\377\0001\000\040\000F\000i\000l\000e\000\040\000I\000n\000d\000e\000x}{}% 1
\BOOKMARK [1][-]{section.1.1}{\376\377\0001\000.\0001\000\040\000F\000i\000l\000e\000\040\000L\000i\000s\000t}{chapter.1}% 2
\BOOKMARK [0][-]{chapter.2}{\376\377\0002\000\040\000F\000i\000l\000e\000\040\000D\000o\000c\000u\000m\000e\000n\000t\000a\000t\000i\000o\000n}{}% 3
\BOOKMARK [1][-]{section.2.1}{\376\377\0002\000.\0001\000\040\000d\000e\000f\000i\000n\000i\000t\000i\000o\000n\000s\000.\000h\000\040\000F\000i\000l\000e\000\040\000R\000e\000f\000e\000r\000e\000n\000c\000e}{chapter.2}% 4
\BOOKMARK [1][-]{section.2.2}{\376\377\0002\000.\0002\000\040\000m\000a\000i\000n\000.\000c\000\040\000F\000i\000l\000e\000\040\000R\000e\000f\000e\000r\000e\000n\000c\000e}{chapter.2}% 5
\BOOKMARK [2][-]{subsection.2.2.1}{\376\377\0002\000.\0002\000.\0001\000\040\000F\000u\000n\000c\000t\000i\000o\000n\000\040\000D\000o\000c\000u\000m\000e\000n\000t\000a\000t\000i\000o\000n}{section.2.2}% 6
\BOOKMARK [3][-]{subsubsection.2.2.1.1}{\376\377\0002\000.\0002\000.\0001\000.\0001\000\040\000A\000D\000C\000i\000n\000i\000t\000\050\000\051}{subsection.2.2.1}% 7
\BOOKMARK [3][-]{subsubsection.2.2.1.2}{\376\377\0002\000.\0002\000.\0001\000.\0002\000\040\000e\000x\000t\000e\000r\000n\000a\000l\000I\000n\000t\000e\000r\000r\000u\000p\000t\000s\000I\000n\000i\000t\000\050\000\051}{subsection.2.2.1}% 8
\BOOKMARK [3][-]{subsubsection.2.2.1.3}{\376\377\0002\000.\0002\000.\0001\000.\0003\000\040\000I\000S\000R\000\050\000\051\000\040\000[\0001\000/\0002\000]}{subsection.2.2.1}% 9
\BOOKMARK [3][-]{subsubsection.2.2.1.4}{\376\377\0002\000.\0002\000.\0001\000.\0004\000\040\000I\000S\000R\000\050\000\051\000\040\000[\0002\000/\0002\000]}{subsection.2.2.1}% 10
\BOOKMARK [3][-]{subsubsection.2.2.1.5}{\376\377\0002\000.\0002\000.\0001\000.\0005\000\040\000m\000a\000i\000n\000\050\000\051}{subsection.2.2.1}% 11
\BOOKMARK [3][-]{subsubsection.2.2.1.6}{\376\377\0002\000.\0002\000.\0001\000.\0006\000\040\000p\000o\000r\000t\000I\000n\000i\000t\000\050\000\051}{subsection.2.2.1}% 12
\BOOKMARK [3][-]{subsubsection.2.2.1.7}{\376\377\0002\000.\0002\000.\0001\000.\0007\000\040\000t\000i\000m\000e\000r\000s\000I\000n\000i\000t\000\050\000\051}{subsection.2.2.1}% 13
\BOOKMARK [1][-]{section.2.3}{\376\377\0002\000.\0003\000\040\000m\000o\000t\000o\000r\000.\000c\000\040\000F\000i\000l\000e\000\040\000R\000e\000f\000e\000r\000e\000n\000c\000e}{chapter.2}% 14
\BOOKMARK [2][-]{subsection.2.3.1}{\376\377\0002\000.\0003\000.\0001\000\040\000F\000u\000n\000c\000t\000i\000o\000n\000\040\000D\000o\000c\000u\000m\000e\000n\000t\000a\000t\000i\000o\000n}{section.2.3}% 15
\BOOKMARK [3][-]{subsubsection.2.3.1.1}{\376\377\0002\000.\0003\000.\0001\000.\0001\000\040\000c\000h\000e\000c\000k\000S\000h\000u\000t\000t\000e\000r\000P\000o\000s\000i\000t\000i\000o\000n\000\050\000\051}{subsection.2.3.1}% 16
\BOOKMARK [3][-]{subsubsection.2.3.1.2}{\376\377\0002\000.\0003\000.\0001\000.\0002\000\040\000E\000E\000P\000R\000O\000M\000r\000e\000a\000d\000\050\000\051}{subsection.2.3.1}% 17
\BOOKMARK [3][-]{subsubsection.2.3.1.3}{\376\377\0002\000.\0003\000.\0001\000.\0003\000\040\000E\000E\000P\000R\000O\000M\000w\000r\000i\000t\000e\000\050\000\051}{subsection.2.3.1}% 18
\BOOKMARK [3][-]{subsubsection.2.3.1.4}{\376\377\0002\000.\0003\000.\0001\000.\0004\000\040\000i\000s\000M\000o\000t\000o\000r\000R\000u\000n\000n\000i\000n\000g\000\050\000\051}{subsection.2.3.1}% 19
\BOOKMARK [3][-]{subsubsection.2.3.1.5}{\376\377\0002\000.\0003\000.\0001\000.\0005\000\040\000i\000s\000M\000o\000t\000o\000r\000R\000u\000n\000n\000i\000n\000g\000D\000o\000w\000n\000\050\000\051}{subsection.2.3.1}% 20
\BOOKMARK [3][-]{subsubsection.2.3.1.6}{\376\377\0002\000.\0003\000.\0001\000.\0006\000\040\000i\000s\000M\000o\000t\000o\000r\000R\000u\000n\000n\000i\000n\000g\000U\000p\000\050\000\051}{subsection.2.3.1}% 21
\BOOKMARK [3][-]{subsubsection.2.3.1.7}{\376\377\0002\000.\0003\000.\0001\000.\0007\000\040\000I\000S\000R\000\050\000\051\000\040\000[\0001\000/\0002\000]}{subsection.2.3.1}% 22
\BOOKMARK [3][-]{subsubsection.2.3.1.8}{\376\377\0002\000.\0003\000.\0001\000.\0008\000\040\000I\000S\000R\000\050\000\051\000\040\000[\0002\000/\0002\000]}{subsection.2.3.1}% 23
\BOOKMARK [3][-]{subsubsection.2.3.1.9}{\376\377\0002\000.\0003\000.\0001\000.\0009\000\040\000m\000o\000t\000o\000r\000D\000o\000w\000n\000\050\000\051}{subsection.2.3.1}% 24
\BOOKMARK [3][-]{subsubsection.2.3.1.10}{\376\377\0002\000.\0003\000.\0001\000.\0001\0000\000\040\000m\000o\000t\000o\000r\000D\000o\000w\000n\000A\000s\000L\000o\000n\000g\000A\000s\000\050\000\051}{subsection.2.3.1}% 25
\BOOKMARK [3][-]{subsubsection.2.3.1.11}{\376\377\0002\000.\0003\000.\0001\000.\0001\0001\000\040\000m\000o\000t\000o\000r\000O\000f\000f\000\050\000\051}{subsection.2.3.1}% 26
\BOOKMARK [3][-]{subsubsection.2.3.1.12}{\376\377\0002\000.\0003\000.\0001\000.\0001\0002\000\040\000m\000o\000t\000o\000r\000U\000p\000\050\000\051}{subsection.2.3.1}% 27
\BOOKMARK [3][-]{subsubsection.2.3.1.13}{\376\377\0002\000.\0003\000.\0001\000.\0001\0003\000\040\000m\000o\000t\000o\000r\000U\000p\000A\000S\000L\000o\000n\000g\000A\000S\000\050\000\051}{subsection.2.3.1}% 28
\BOOKMARK [3][-]{subsubsection.2.3.1.14}{\376\377\0002\000.\0003\000.\0001\000.\0001\0004\000\040\000r\000e\000s\000t\000o\000r\000e\000S\000h\000u\000t\000t\000e\000r\000P\000o\000s\000i\000t\000i\000o\000n\000\050\000\051}{subsection.2.3.1}% 29
\BOOKMARK [3][-]{subsubsection.2.3.1.15}{\376\377\0002\000.\0003\000.\0001\000.\0001\0005\000\040\000s\000a\000v\000e\000S\000h\000u\000t\000t\000e\000r\000P\000o\000s\000i\000t\000i\000o\000n\000\050\000\051}{subsection.2.3.1}% 30
\BOOKMARK [3][-]{subsubsection.2.3.1.16}{\376\377\0002\000.\0003\000.\0001\000.\0001\0006\000\040\000t\000i\000m\000e\000r\0000\000\137\000O\000f\000f\000\050\000\051}{subsection.2.3.1}% 31
\BOOKMARK [3][-]{subsubsection.2.3.1.17}{\376\377\0002\000.\0003\000.\0001\000.\0001\0007\000\040\000t\000i\000m\000e\000r\0000\000\137\000O\000n\000\050\000\051}{subsection.2.3.1}% 32
\BOOKMARK [3][-]{subsubsection.2.3.1.18}{\376\377\0002\000.\0003\000.\0001\000.\0001\0008\000\040\000t\000i\000m\000e\000r\0002\000\137\000O\000f\000f\000\050\000\051}{subsection.2.3.1}% 33
\BOOKMARK [3][-]{subsubsection.2.3.1.19}{\376\377\0002\000.\0003\000.\0001\000.\0001\0009\000\040\000t\000i\000m\000e\000r\0002\000\137\000O\000n\000\050\000\051}{subsection.2.3.1}% 34
\BOOKMARK [3][-]{subsubsection.2.3.1.20}{\376\377\0002\000.\0003\000.\0001\000.\0002\0000\000\040\000v\000e\000n\000t\000i\000l\000a\000t\000i\000o\000n\000P\000o\000s\000i\000t\000i\000o\000n\000\050\000\051}{subsection.2.3.1}% 35
\BOOKMARK [1][-]{section.2.4}{\376\377\0002\000.\0004\000\040\000m\000o\000t\000o\000r\000.\000h\000\040\000F\000i\000l\000e\000\040\000R\000e\000f\000e\000r\000e\000n\000c\000e}{chapter.2}% 36
\BOOKMARK [2][-]{subsection.2.4.1}{\376\377\0002\000.\0004\000.\0001\000\040\000D\000e\000t\000a\000i\000l\000e\000d\000\040\000D\000e\000s\000c\000r\000i\000p\000t\000i\000o\000n}{section.2.4}% 37
\BOOKMARK [2][-]{subsection.2.4.2}{\376\377\0002\000.\0004\000.\0002\000\040\000M\000a\000c\000r\000o\000\040\000D\000e\000f\000i\000n\000i\000t\000i\000o\000n\000\040\000D\000o\000c\000u\000m\000e\000n\000t\000a\000t\000i\000o\000n}{section.2.4}% 38
\BOOKMARK [3][-]{subsubsection.2.4.2.1}{\376\377\0002\000.\0004\000.\0002\000.\0001\000\040\000t\000i\000m\000e\000r\0000\000\137\000t\000i\000c\000k\000s}{subsection.2.4.2}% 39
\BOOKMARK [3][-]{subsubsection.2.4.2.2}{\376\377\0002\000.\0004\000.\0002\000.\0002\000\040\000t\000i\000m\000e\000r\0002\000\137\000t\000i\000c\000k\000s}{subsection.2.4.2}% 40
\BOOKMARK [2][-]{subsection.2.4.3}{\376\377\0002\000.\0004\000.\0003\000\040\000F\000u\000n\000c\000t\000i\000o\000n\000\040\000D\000o\000c\000u\000m\000e\000n\000t\000a\000t\000i\000o\000n}{section.2.4}% 41
\BOOKMARK [3][-]{subsubsection.2.4.3.1}{\376\377\0002\000.\0004\000.\0003\000.\0001\000\040\000c\000h\000e\000c\000k\000S\000h\000u\000t\000t\000e\000r\000P\000o\000s\000i\000t\000i\000o\000n\000\050\000\051}{subsection.2.4.3}% 42
\BOOKMARK [3][-]{subsubsection.2.4.3.2}{\376\377\0002\000.\0004\000.\0003\000.\0002\000\040\000E\000E\000P\000R\000O\000M\000r\000e\000a\000d\000\050\000\051}{subsection.2.4.3}% 43
\BOOKMARK [3][-]{subsubsection.2.4.3.3}{\376\377\0002\000.\0004\000.\0003\000.\0003\000\040\000E\000E\000P\000R\000O\000M\000w\000r\000i\000t\000e\000\050\000\051}{subsection.2.4.3}% 44
\BOOKMARK [3][-]{subsubsection.2.4.3.4}{\376\377\0002\000.\0004\000.\0003\000.\0004\000\040\000i\000s\000M\000o\000t\000o\000r\000R\000u\000n\000n\000i\000n\000g\000\050\000\051}{subsection.2.4.3}% 45
\BOOKMARK [3][-]{subsubsection.2.4.3.5}{\376\377\0002\000.\0004\000.\0003\000.\0005\000\040\000i\000s\000M\000o\000t\000o\000r\000R\000u\000n\000n\000i\000n\000g\000D\000o\000w\000n\000\050\000\051}{subsection.2.4.3}% 46
\BOOKMARK [3][-]{subsubsection.2.4.3.6}{\376\377\0002\000.\0004\000.\0003\000.\0006\000\040\000i\000s\000M\000o\000t\000o\000r\000R\000u\000n\000n\000i\000n\000g\000U\000p\000\050\000\051}{subsection.2.4.3}% 47
\BOOKMARK [3][-]{subsubsection.2.4.3.7}{\376\377\0002\000.\0004\000.\0003\000.\0007\000\040\000m\000o\000t\000o\000r\000D\000o\000w\000n\000\050\000\051}{subsection.2.4.3}% 48
\BOOKMARK [3][-]{subsubsection.2.4.3.8}{\376\377\0002\000.\0004\000.\0003\000.\0008\000\040\000m\000o\000t\000o\000r\000D\000o\000w\000n\000A\000s\000L\000o\000n\000g\000A\000s\000\050\000\051}{subsection.2.4.3}% 49
\BOOKMARK [3][-]{subsubsection.2.4.3.9}{\376\377\0002\000.\0004\000.\0003\000.\0009\000\040\000m\000o\000t\000o\000r\000O\000f\000f\000\050\000\051}{subsection.2.4.3}% 50
\BOOKMARK [3][-]{subsubsection.2.4.3.10}{\376\377\0002\000.\0004\000.\0003\000.\0001\0000\000\040\000m\000o\000t\000o\000r\000U\000p\000\050\000\051}{subsection.2.4.3}% 51
\BOOKMARK [3][-]{subsubsection.2.4.3.11}{\376\377\0002\000.\0004\000.\0003\000.\0001\0001\000\040\000m\000o\000t\000o\000r\000U\000p\000A\000S\000L\000o\000n\000g\000A\000S\000\050\000\051}{subsection.2.4.3}% 52
\BOOKMARK [3][-]{subsubsection.2.4.3.12}{\376\377\0002\000.\0004\000.\0003\000.\0001\0002\000\040\000r\000e\000s\000t\000o\000r\000e\000S\000h\000u\000t\000t\000e\000r\000P\000o\000s\000i\000t\000i\000o\000n\000\050\000\051}{subsection.2.4.3}% 53
\BOOKMARK [3][-]{subsubsection.2.4.3.13}{\376\377\0002\000.\0004\000.\0003\000.\0001\0003\000\040\000s\000a\000v\000e\000S\000h\000u\000t\000t\000e\000r\000P\000o\000s\000i\000t\000i\000o\000n\000\050\000\051}{subsection.2.4.3}% 54
\BOOKMARK [3][-]{subsubsection.2.4.3.14}{\376\377\0002\000.\0004\000.\0003\000.\0001\0004\000\040\000t\000i\000m\000e\000r\0000\000\137\000O\000f\000f\000\050\000\051}{subsection.2.4.3}% 55
\BOOKMARK [3][-]{subsubsection.2.4.3.15}{\376\377\0002\000.\0004\000.\0003\000.\0001\0005\000\040\000t\000i\000m\000e\000r\0000\000\137\000O\000n\000\050\000\051}{subsection.2.4.3}% 56
\BOOKMARK [3][-]{subsubsection.2.4.3.16}{\376\377\0002\000.\0004\000.\0003\000.\0001\0006\000\040\000t\000i\000m\000e\000r\0002\000\137\000O\000f\000f\000\050\000\051}{subsection.2.4.3}% 57
\BOOKMARK [3][-]{subsubsection.2.4.3.17}{\376\377\0002\000.\0004\000.\0003\000.\0001\0007\000\040\000t\000i\000m\000e\000r\0002\000\137\000O\000n\000\050\000\051}{subsection.2.4.3}% 58
\BOOKMARK [3][-]{subsubsection.2.4.3.18}{\376\377\0002\000.\0004\000.\0003\000.\0001\0008\000\040\000v\000e\000n\000t\000i\000l\000a\000t\000i\000o\000n\000P\000o\000s\000i\000t\000i\000o\000n\000\050\000\051}{subsection.2.4.3}% 59
\BOOKMARK [0][-]{section*.5}{\376\377\000I\000n\000d\000e\000x}{}% 60
